# JRE version: OpenJDK Runtime Environment (17.0.6) (build 17.0.6+0-b2043.56-10027231)
# Java VM: OpenJDK 64-Bit Server VM (17.0.6+0-b2043.56-10027231, mixed mode, tiered, compressed oops, compressed class ptrs, g1 gc, windows-amd64)
GC Precious Log:
 CPUs: 4 total, 4 available
 Memory: 3971M
 Large Page Support: Disabled
 NUMA Support: Disabled
 Compressed Oops: Enabled (32-bit)
 Heap Region Size: 1M
 Heap Min Capacity: 8M
 Heap Initial Capacity: 64M
 Heap Max Capacity: 2G
 Pre-touch: Disabled
 Parallel Workers: 4
 Concurrent Workers: 1
 Concurrent Refinement Workers: 4
 Periodic GC: Disabled
Heap:
 garbage-first heap   total 196608K, used 82228K [0x0000000080000000, 0x0000000100000000)
  region size 1024K, 3 young (3072K), 3 survivors (3072K)
 Metaspace       used 102529K, committed 103232K, reserved 1138688K
  class space    used 13823K, committed 14144K, reserved 1048576K
GC Heap History (20 events):
Event: 61.053 GC heap after
{Heap after GC invocations=25 (full 0):
 garbage-first heap   total 78848K, used 48377K [0x0000000080000000, 0x0000000100000000)
  region size 1024K, 1 young (1024K), 1 survivors (1024K)
 Metaspace       used 62015K, committed 62528K, reserved 1105920K
  class space    used 8229K, committed 8448K, reserved 1048576K
}
Event: 61.767 GC heap before
{Heap before GC invocations=25 (full 0):
 garbage-first heap   total 78848K, used 62713K [0x0000000080000000, 0x0000000100000000)
  region size 1024K, 16 young (16384K), 1 survivors (1024K)
 Metaspace       used 64269K, committed 64832K, reserved 1105920K
  class space    used 8508K, committed 8768K, reserved 1048576K
}
Event: 61.776 GC heap after
{Heap after GC invocations=26 (full 0):
 garbage-first heap   total 78848K, used 48833K [0x0000000080000000, 0x0000000100000000)
  region size 1024K, 1 young (1024K), 1 survivors (1024K)
 Metaspace       used 64269K, committed 64832K, reserved 1105920K
  class space    used 8508K, committed 8768K, reserved 1048576K
}
Event: 62.419 GC heap before
{Heap before GC invocations=27 (full 0):
 garbage-first heap   total 92160K, used 64193K [0x0000000080000000, 0x0000000100000000)
  region size 1024K, 16 young (16384K), 1 survivors (1024K)
 Metaspace       used 66618K, committed 67136K, reserved 1114112K
  class space    used 8807K, committed 9088K, reserved 1048576K
}
Event: 62.424 GC heap after
{Heap after GC invocations=28 (full 0):
 garbage-first heap   total 92160K, used 49346K [0x0000000080000000, 0x0000000100000000)
  region size 1024K, 2 young (2048K), 2 survivors (2048K)
 Metaspace       used 66618K, committed 67136K, reserved 1114112K
  class space    used 8807K, committed 9088K, reserved 1048576K
}
Event: 62.497 GC heap before
{Heap before GC invocations=28 (full 0):
 garbage-first heap   total 92160K, used 51394K [0x0000000080000000, 0x0000000100000000)
  region size 1024K, 4 young (4096K), 2 survivors (2048K)
 Metaspace       used 66797K, committed 67328K, reserved 1114112K
  class space    used 8839K, committed 9088K, reserved 1048576K
}
Event: 62.509 GC heap after
{Heap after GC invocations=29 (full 0):
 garbage-first heap   total 92160K, used 49316K [0x0000000080000000, 0x0000000100000000)
  region size 1024K, 1 young (1024K), 1 survivors (1024K)
 Metaspace       used 66797K, committed 67328K, reserved 1114112K
  class space    used 8839K, committed 9088K, reserved 1048576K
}
Event: 63.143 GC heap before
{Heap before GC invocations=29 (full 0):
 garbage-first heap   total 92160K, used 80036K [0x0000000080000000, 0x0000000100000000)
  region size 1024K, 25 young (25600K), 1 survivors (1024K)
 Metaspace       used 69343K, committed 69888K, reserved 1114112K
  class space    used 9190K, committed 9472K, reserved 1048576K
}
Event: 63.171 GC heap after
{Heap after GC invocations=30 (full 0):
 garbage-first heap   total 196608K, used 57486K [0x0000000080000000, 0x0000000100000000)
  region size 1024K, 4 young (4096K), 4 survivors (4096K)
 Metaspace       used 69343K, committed 69888K, reserved 1114112K
  class space    used 9190K, committed 9472K, reserved 1048576K
}
Event: 66.703 GC heap before
{Heap before GC invocations=31 (full 0):
 garbage-first heap   total 196608K, used 140430K [0x0000000080000000, 0x0000000100000000)
  region size 1024K, 85 young (87040K), 4 survivors (4096K)
 Metaspace       used 77768K, committed 78400K, reserved 1122304K
  class space    used 10304K, committed 10624K, reserved 1048576K
}
Event: 66.757 GC heap after
{Heap after GC invocations=32 (full 0):
 garbage-first heap   total 196608K, used 57794K [0x0000000080000000, 0x0000000100000000)
  region size 1024K, 9 young (9216K), 9 survivors (9216K)
 Metaspace       used 77768K, committed 78400K, reserved 1122304K
  class space    used 10304K, committed 10624K, reserved 1048576K
}
Event: 66.815 GC heap before
{Heap before GC invocations=32 (full 0):
 garbage-first heap   total 196608K, used 58818K [0x0000000080000000, 0x0000000100000000)
  region size 1024K, 10 young (10240K), 9 survivors (9216K)
 Metaspace       used 77928K, committed 78528K, reserved 1122304K
  class space    used 10319K, committed 10624K, reserved 1048576K
}
Event: 66.868 GC heap after
{Heap after GC invocations=33 (full 0):
 garbage-first heap   total 196608K, used 58818K [0x0000000080000000, 0x0000000100000000)
  region size 1024K, 2 young (2048K), 2 survivors (2048K)
 Metaspace       used 77928K, committed 78528K, reserved 1122304K
  class space    used 10319K, committed 10624K, reserved 1048576K
}
Event: 70.448 GC heap before
{Heap before GC invocations=33 (full 0):
 garbage-first heap   total 196608K, used 145858K [0x0000000080000000, 0x0000000100000000)
  region size 1024K, 86 young (88064K), 2 survivors (2048K)
 Metaspace       used 87343K, committed 88000K, reserved 1130496K
  class space    used 11841K, committed 12160K, reserved 1048576K
}
Event: 70.474 GC heap after
{Heap after GC invocations=34 (full 0):
 garbage-first heap   total 196608K, used 62743K [0x0000000080000000, 0x0000000100000000)
  region size 1024K, 6 young (6144K), 6 survivors (6144K)
 Metaspace       used 87343K, committed 88000K, reserved 1130496K
  class space    used 11841K, committed 12160K, reserved 1048576K
}
Event: 72.312 GC heap before
{Heap before GC invocations=34 (full 0):
 garbage-first heap   total 196608K, used 150807K [0x0000000080000000, 0x0000000100000000)
  region size 1024K, 92 young (94208K), 6 survivors (6144K)
 Metaspace       used 93471K, committed 94144K, reserved 1130496K
  class space    used 12710K, committed 13056K, reserved 1048576K
}
Event: 72.364 GC heap after
{Heap after GC invocations=35 (full 0):
 garbage-first heap   total 196608K, used 72665K [0x0000000080000000, 0x0000000100000000)
  region size 1024K, 12 young (12288K), 12 survivors (12288K)
 Metaspace       used 93471K, committed 94144K, reserved 1130496K
  class space    used 12710K, committed 13056K, reserved 1048576K
}
Event: 75.846 GC heap before
{Heap before GC invocations=35 (full 0):
 garbage-first heap   total 196608K, used 155609K [0x0000000080000000, 0x0000000100000000)
  region size 1024K, 91 young (93184K), 12 survivors (12288K)
 Metaspace       used 97921K, committed 98560K, reserved 1138688K
  class space    used 13316K, committed 13632K, reserved 1048576K
}
Event: 75.898 GC heap after
{Heap after GC invocations=36 (full 0):
 garbage-first heap   total 196608K, used 82039K [0x0000000080000000, 0x0000000100000000)
  region size 1024K, 7 young (7168K), 7 survivors (7168K)
 Metaspace       used 97921K, committed 98560K, reserved 1138688K
  class space    used 13316K, committed 13632K, reserved 1048576K
}
Event: 78.481 GC heap before
{Heap before GC invocations=36 (full 0):
 garbage-first heap   total 196608K, used 172151K [0x0000000080000000, 0x0000000100000000)
  region size 1024K, 79 young (80896K), 7 survivors (7168K)
 Metaspace       used 102529K, committed 103232K, reserved 1138688K
  class space    used 13823K, committed 14144K, reserved 1048576K
}

